c:\users\imp\desktop\unsplash-wallpaper-windows\unsplash_gui\x64\release\unsplash_wei_old.obj
c:\users\imp\desktop\unsplash-wallpaper-windows\unsplash_gui\x64\release\unsplash_wei.obj
c:\users\imp\desktop\unsplash-wallpaper-windows\unsplash_gui\x64\release\unsplash_gui_old.obj
c:\users\imp\desktop\unsplash-wallpaper-windows\unsplash_gui\x64\release\unsplash_gui.obj
c:\users\imp\desktop\unsplash-wallpaper-windows\unsplash_gui\x64\release\main.obj
c:\users\imp\desktop\unsplash-wallpaper-windows\unsplash_gui\x64\release\moc_unsplash_gui_old.obj
c:\users\imp\desktop\unsplash-wallpaper-windows\unsplash_gui\x64\release\moc_unsplash_gui.obj
c:\users\imp\desktop\unsplash-wallpaper-windows\unsplash_gui\x64\release\moc_addcustominterval.obj
c:\users\imp\desktop\unsplash-wallpaper-windows\unsplash_gui\x64\release\moc_aboutdialog.obj
c:\users\imp\desktop\unsplash-wallpaper-windows\unsplash_gui\x64\release\addcustominterval.obj
c:\users\imp\desktop\unsplash-wallpaper-windows\unsplash_gui\x64\release\aboutdialog.obj
c:\users\imp\desktop\unsplash-wallpaper-windows\unsplash_gui\x64\release\qrc_unsplash_gui.obj
c:\users\imp\desktop\unsplash-wallpaper-windows\unsplash_gui\x64\release\qrc_style.obj
c:\users\imp\desktop\unsplash-wallpaper-windows\unsplash_gui\generatedfiles\release\moc_unsplash_gui.cpp
c:\users\imp\desktop\unsplash-wallpaper-windows\unsplash_gui\generatedfiles\ui_unsplash_gui.h
c:\users\imp\desktop\unsplash-wallpaper-windows\unsplash_gui\generatedfiles\release\moc_addcustominterval.cpp
c:\users\imp\desktop\unsplash-wallpaper-windows\unsplash_gui\generatedfiles\release\moc_aboutdialog.cpp
c:\users\imp\desktop\unsplash-wallpaper-windows\unsplash_gui\generatedfiles\release\moc_unsplash_gui_old.cpp
c:\users\imp\desktop\unsplash-wallpaper-windows\unsplash_gui\generatedfiles\qrc_unsplash_gui.cpp
c:\users\imp\desktop\unsplash-wallpaper-windows\unsplash_gui\generatedfiles\ui_addcustominterval.h
c:\users\imp\desktop\unsplash-wallpaper-windows\unsplash_gui\generatedfiles\ui_aboutdialog.h
c:\users\imp\desktop\unsplash-wallpaper-windows\unsplash_gui\generatedfiles\qrc_style.cpp
c:\users\imp\desktop\unsplash-wallpaper-windows\x64\release\unsplash_gui.exe
c:\users\imp\desktop\unsplash-wallpaper-windows\unsplash_gui\x64\release\resource.res
c:\users\imp\desktop\unsplash-wallpaper-windows\unsplash_gui\x64\release\unsplash_gui.tlog\cl.command.1.tlog
c:\users\imp\desktop\unsplash-wallpaper-windows\unsplash_gui\x64\release\unsplash_gui.tlog\cl.read.1.tlog
c:\users\imp\desktop\unsplash-wallpaper-windows\unsplash_gui\x64\release\unsplash_gui.tlog\cl.write.1.tlog
c:\users\imp\desktop\unsplash-wallpaper-windows\unsplash_gui\x64\release\unsplash_gui.tlog\custombuild.command.1.tlog
c:\users\imp\desktop\unsplash-wallpaper-windows\unsplash_gui\x64\release\unsplash_gui.tlog\custombuild.read.1.tlog
c:\users\imp\desktop\unsplash-wallpaper-windows\unsplash_gui\x64\release\unsplash_gui.tlog\custombuild.write.1.tlog
c:\users\imp\desktop\unsplash-wallpaper-windows\unsplash_gui\x64\release\unsplash_gui.tlog\link.command.1.tlog
c:\users\imp\desktop\unsplash-wallpaper-windows\unsplash_gui\x64\release\unsplash_gui.tlog\link.read.1.tlog
c:\users\imp\desktop\unsplash-wallpaper-windows\unsplash_gui\x64\release\unsplash_gui.tlog\link.write.1.tlog
c:\users\imp\desktop\unsplash-wallpaper-windows\unsplash_gui\x64\release\unsplash_gui.tlog\rc.command.1.tlog
c:\users\imp\desktop\unsplash-wallpaper-windows\unsplash_gui\x64\release\unsplash_gui.tlog\rc.read.1.tlog
c:\users\imp\desktop\unsplash-wallpaper-windows\unsplash_gui\x64\release\unsplash_gui.tlog\rc.write.1.tlog
