  Moc'ing unsplash_gui.h...
  Uic'ing unsplash_gui.ui...
  Moc'ing addcustominterval.h...
  Moc'ing aboutdialog.h...
  Moc'ing unsplash_gui_old.h...
  Rcc'ing unsplash_gui.qrc...
  Uic'ing addcustominterval.ui...
  Uic'ing aboutdialog.ui...
  Rcc'ing qdarkstyle\style.qrc...
  aboutdialog.cpp
  addcustominterval.cpp
  moc_aboutdialog.cpp
  moc_addcustominterval.cpp
  moc_unsplash_gui.cpp
  moc_unsplash_gui_old.cpp
  main.cpp
  unsplash_gui.cpp
  unsplash_gui_old.cpp
  Unsplash_Wei.cpp
  Unsplash_Wei_old.cpp
  Generating Code...
  qrc_style.cpp
  qrc_unsplash_gui.cpp
  Generating Code...
LINK : warning LNK4098: defaultlib 'LIBCMT' conflicts with use of other libs; use /NODEFAULTLIB:library
  Unsplash_GUI.vcxproj -> C:\Users\Imp\Desktop\Unsplash-Wallpaper-Windows\x64\Release\Unsplash_GUI.exe
