Build started 3/10/2016 9:37:55 AM.
     1>Project "E:\UnsplashWallpaper\UnsplashWallpaper\UnsplashWallpaper.vcxproj" on node 2 (Build target(s)).
     1>ClCompile:
         C:\Program Files (x86)\Microsoft Visual Studio 12.0\VC\bin\CL.exe /c /I"C:\Users\wegu\Desktop\UnsplashWallpaper\UnsplashWallpaper\curl-7.50.2\builds\libcurl-vc12-x86-release-static-ipv6-sspi-winssl\include\curl" /Zi /nologo /W3 /WX- /sdl /O2 /Oi /Oy- /GL /D CURL_STATICLIB /D _CRT_SECURE_NO_WARNINGS /D _MBCS /Gm- /EHsc /MD /GS /Gy /fp:precise /Zc:wchar_t /Zc:forScope /Fo"Release\\" /Fd"Release\vc120.pdb" /Gd /TP /analyze- /errorReport:prompt UnsplashWallpaper.cpp Unsplash_Wei.cpp
         UnsplashWallpaper.cpp
         Unsplash_Wei.cpp
     1>Unsplash_Wei.cpp(47): warning C4101: 'picFolder' : unreferenced local variable
     1>Unsplash_Wei.cpp(175): warning C4244: 'argument' : conversion from 'float' to 'DWORD', possible loss of data
       ResourceCompile:
         C:\Program Files (x86)\Windows Kits\8.1\bin\x86\rc.exe /l"0x0409" /nologo /fo"Release\Resource.res" Resource.rc 
       Link:
         C:\Program Files (x86)\Microsoft Visual Studio 12.0\VC\bin\link.exe /ERRORREPORT:PROMPT /OUT:"E:\UnsplashWallpaper\Release\UnsplashWallpaper.exe" /NOLOGO /LIBPATH:"C:\Users\wegu\Desktop\UnsplashWallpaper\UnsplashWallpaper\curl-7.50.2\builds\libcurl-vc12-x86-release-static-ipv6-sspi-winssl\lib" libcurl_a.lib kernel32.lib user32.lib gdi32.lib winspool.lib comdlg32.lib advapi32.lib shell32.lib ole32.lib oleaut32.lib uuid.lib odbc32.lib odbccp32.lib /MANIFEST /MANIFESTUAC:"level='asInvoker' uiAccess='false'" /manifest:embed /DEBUG /PDB:"E:\UnsplashWallpaper\Release\UnsplashWallpaper.pdb" /OPT:REF /OPT:ICF /LTCG /TLBID:1 /DYNAMICBASE /NXCOMPAT /IMPLIB:"E:\UnsplashWallpaper\Release\UnsplashWallpaper.lib" /MACHINE:X86 /SAFESEH Release\Resource.res
         Release\UnsplashWallpaper.obj
         Release\Unsplash_Wei.obj
         Generating code
         Finished generating code
         UnsplashWallpaper.vcxproj -> E:\UnsplashWallpaper\Release\UnsplashWallpaper.exe
     1>Done Building Project "E:\UnsplashWallpaper\UnsplashWallpaper\UnsplashWallpaper.vcxproj" (Build target(s)).

Build succeeded.

Time Elapsed 00:00:02.94
